d:\c++ projects\gameengine\bin-int\debug-windows-x64\game\vc142.pdb
d:\c++ projects\gameengine\bin-int\debug-windows-x64\game\vc142.idb
d:\c++ projects\gameengine\bin-int\debug-windows-x64\game\fileparser.obj
d:\c++ projects\gameengine\bin-int\debug-windows-x64\game\mazelayer.obj
d:\c++ projects\gameengine\bin-int\debug-windows-x64\game\map.obj
d:\c++ projects\gameengine\bin-int\debug-windows-x64\game\cube.obj
d:\c++ projects\gameengine\bin-int\debug-windows-x64\game\gameapplication.obj
d:\c++ projects\gameengine\bin-int\debug-windows-x64\game\game.pch
d:\c++ projects\gameengine\bin-int\debug-windows-x64\game\pch.obj
d:\c++ projects\gameengine\bin-int\debug-windows-x64\game\fileloader.obj
d:\c++ projects\gameengine\bin-int\debug-windows-x64\game\maze.obj
d:\c++ projects\gameengine\bin-int\debug-windows-x64\game\player.obj
d:\c++ projects\gameengine\bin-int\debug-windows-x64\game\game.tlog\cl.command.1.tlog
d:\c++ projects\gameengine\bin-int\debug-windows-x64\game\game.tlog\cl.read.1.tlog
d:\c++ projects\gameengine\bin-int\debug-windows-x64\game\game.tlog\cl.write.1.tlog
d:\c++ projects\gameengine\bin-int\debug-windows-x64\game\game.tlog\link-cvtres.read.1.tlog
d:\c++ projects\gameengine\bin-int\debug-windows-x64\game\game.tlog\link-cvtres.write.1.tlog
d:\c++ projects\gameengine\bin-int\debug-windows-x64\game\game.tlog\link-rc.read.1.tlog
d:\c++ projects\gameengine\bin-int\debug-windows-x64\game\game.tlog\link-rc.write.1.tlog
d:\c++ projects\gameengine\bin-int\debug-windows-x64\game\game.tlog\link.19580.read.1.tlog
d:\c++ projects\gameengine\bin-int\debug-windows-x64\game\game.tlog\link.19580.write.1.tlog
d:\c++ projects\gameengine\bin-int\debug-windows-x64\game\game.tlog\link.command.1.tlog
d:\c++ projects\gameengine\bin-int\debug-windows-x64\game\game.tlog\link.read.1.tlog
d:\c++ projects\gameengine\bin-int\debug-windows-x64\game\game.tlog\link.write.1.tlog
