d:\c++ projects\gameengine\bin-int\release-windows-x64\engine\engine.pch
d:\c++ projects\gameengine\bin-int\release-windows-x64\engine\engine.pdb
d:\c++ projects\gameengine\bin-int\release-windows-x64\engine\enginepch.obj
d:\c++ projects\gameengine\bin-int\release-windows-x64\engine\window.obj
d:\c++ projects\gameengine\bin-int\release-windows-x64\engine\vertexarray.obj
d:\c++ projects\gameengine\bin-int\release-windows-x64\engine\shader.obj
d:\c++ projects\gameengine\bin-int\release-windows-x64\engine\renderer.obj
d:\c++ projects\gameengine\bin-int\release-windows-x64\engine\log.obj
d:\c++ projects\gameengine\bin-int\release-windows-x64\engine\layerstack.obj
d:\c++ projects\gameengine\bin-int\release-windows-x64\engine\layer.obj
d:\c++ projects\gameengine\bin-int\release-windows-x64\engine\input.obj
d:\c++ projects\gameengine\bin-int\release-windows-x64\engine\graphicscontext.obj
d:\c++ projects\gameengine\bin-int\release-windows-x64\engine\event.obj
d:\c++ projects\gameengine\bin-int\release-windows-x64\engine\configfile.obj
d:\c++ projects\gameengine\bin-int\release-windows-x64\engine\buffer.obj
d:\c++ projects\gameengine\bin-int\release-windows-x64\engine\application.obj
d:\c++ projects\gameengine\bin\release-windows-x64\engine\engine.lib
d:\c++ projects\gameengine\engine\..\bin\release-windows-x64\engine\engine.lib
d:\c++ projects\gameengine\bin-int\release-windows-x64\engine\engine.tlog\cl.command.1.tlog
d:\c++ projects\gameengine\bin-int\release-windows-x64\engine\engine.tlog\cl.read.1.tlog
d:\c++ projects\gameengine\bin-int\release-windows-x64\engine\engine.tlog\cl.write.1.tlog
d:\c++ projects\gameengine\bin-int\release-windows-x64\engine\engine.tlog\lib-link.read.1.tlog
d:\c++ projects\gameengine\bin-int\release-windows-x64\engine\engine.tlog\lib-link.write.1.tlog
d:\c++ projects\gameengine\bin-int\release-windows-x64\engine\engine.tlog\lib.command.1.tlog
