  Application.cpp
D:\C++ Projects\GameEngine\Engine\include\Window.h(51,20): warning C4251: 'Engine::Window::m_data' : struct 'Engine::Window::WindowData' nécessite une interface DLL pour être utilisé(e) par les clients de class 'Engine::Window'
D:\C++ Projects\GameEngine\Engine\include\Window.h(14): message : voir la déclaration de 'Engine::Window::WindowData'
D:\C++ Projects\GameEngine\Engine\include\Application.h(15,35): warning C4251: 'Engine::Application::m_window' : class 'std::unique_ptr<Engine::Window,std::default_delete<_Ty>>' nécessite une interface DLL pour être utilisé(e) par les clients de class 'Engine::Application'
D:\C++ Projects\GameEngine\Engine\include\Application.h(15,35): warning C4251:         with
D:\C++ Projects\GameEngine\Engine\include\Application.h(15,35): warning C4251:         [
D:\C++ Projects\GameEngine\Engine\include\Application.h(15,35): warning C4251:             _Ty=Engine::Window
D:\C++ Projects\GameEngine\Engine\include\Application.h(15,35): warning C4251:         ]
  Window.cpp
D:\C++ Projects\GameEngine\Engine\include\Application.h(15): message : voir la déclaration de 'std::unique_ptr<Engine::Window,std::default_delete<_Ty>>'
D:\C++ Projects\GameEngine\Engine\include\Application.h(15): message :         with
D:\C++ Projects\GameEngine\Engine\include\Application.h(15): message :         [
D:\C++ Projects\GameEngine\Engine\include\Application.h(15): message :             _Ty=Engine::Window
D:\C++ Projects\GameEngine\Engine\include\Application.h(15): message :         ]
D:\C++ Projects\GameEngine\Engine\include\Window.h(51,20): warning C4251: 'Engine::Window::m_data' : struct 'Engine::Window::WindowData' nécessite une interface DLL pour être utilisé(e) par les clients de class 'Engine::Window'
D:\C++ Projects\GameEngine\Engine\include\Window.h(14): message : voir la déclaration de 'Engine::Window::WindowData'
D:\C++ Projects\GameEngine\Engine\include\ConfigFile.h(75,46): warning C4251: 'Engine::ConfigFile::m_fields' : class 'std::map<std::string,std::string,std::less<_Kty>,std::allocator<std::pair<const _Kty,_Ty>>>' nécessite une interface DLL pour être utilisé(e) par les clients de class 'Engine::ConfigFile'
D:\C++ Projects\GameEngine\Engine\include\ConfigFile.h(75,46): warning C4251:         with
D:\C++ Projects\GameEngine\Engine\include\ConfigFile.h(75,46): warning C4251:         [
D:\C++ Projects\GameEngine\Engine\include\ConfigFile.h(75,46): warning C4251:             _Kty=std::string,
D:\C++ Projects\GameEngine\Engine\include\ConfigFile.h(75,46): warning C4251:             _Ty=std::string
D:\C++ Projects\GameEngine\Engine\include\ConfigFile.h(75,46): warning C4251:         ]
D:\C++ Projects\GameEngine\Engine\include\ConfigFile.h(75): message : voir la déclaration de 'std::map<std::string,std::string,std::less<_Kty>,std::allocator<std::pair<const _Kty,_Ty>>>'
D:\C++ Projects\GameEngine\Engine\include\ConfigFile.h(75): message :         with
D:\C++ Projects\GameEngine\Engine\include\ConfigFile.h(75): message :         [
D:\C++ Projects\GameEngine\Engine\include\ConfigFile.h(75): message :             _Kty=std::string,
D:\C++ Projects\GameEngine\Engine\include\ConfigFile.h(75): message :             _Ty=std::string
D:\C++ Projects\GameEngine\Engine\include\ConfigFile.h(75): message :         ]
D:\C++ Projects\GameEngine\Engine\include\ConfigFile.h(76,46): warning C4251: 'Engine::ConfigFile::m_index' : class 'std::map<unsigned int,std::string,std::less<_Kty>,std::allocator<std::pair<const _Kty,_Ty>>>' nécessite une interface DLL pour être utilisé(e) par les clients de class 'Engine::ConfigFile'
D:\C++ Projects\GameEngine\Engine\include\ConfigFile.h(76,46): warning C4251:         with
D:\C++ Projects\GameEngine\Engine\include\ConfigFile.h(76,46): warning C4251:         [
D:\C++ Projects\GameEngine\Engine\include\ConfigFile.h(76,46): warning C4251:             _Kty=unsigned int,
D:\C++ Projects\GameEngine\Engine\include\ConfigFile.h(76,46): warning C4251:             _Ty=std::string
D:\C++ Projects\GameEngine\Engine\include\ConfigFile.h(76,46): warning C4251:         ]
  Génération de code en cours...
D:\C++ Projects\GameEngine\Engine\include\ConfigFile.h(76): message : voir la déclaration de 'std::map<unsigned int,std::string,std::less<_Kty>,std::allocator<std::pair<const _Kty,_Ty>>>'
D:\C++ Projects\GameEngine\Engine\include\ConfigFile.h(76): message :         with
D:\C++ Projects\GameEngine\Engine\include\ConfigFile.h(76): message :         [
D:\C++ Projects\GameEngine\Engine\include\ConfigFile.h(76): message :             _Kty=unsigned int,
D:\C++ Projects\GameEngine\Engine\include\ConfigFile.h(76): message :             _Ty=std::string
D:\C++ Projects\GameEngine\Engine\include\ConfigFile.h(76): message :         ]
     Création de la bibliothèque ..\bin\Release-windows-x64\Engine\Engine.lib et de l'objet ..\bin\Release-windows-x64\Engine\Engine.exp
  Engine.vcxproj -> D:\C++ Projects\GameEngine\Engine\..\bin\Release-windows-x64\Engine\Engine.dll
