  GameApplication.cpp
D:\C++ Projects\GameEngine\Engine\include\ConfigFile.h(62,46): warning C4251: 'Engine::ConfigFile::m_fields' : class 'std::map<std::string,std::string,std::less<_Kty>,std::allocator<std::pair<const _Kty,_Ty>>>' nécessite une interface DLL pour être utilisé(e) par les clients de class 'Engine::ConfigFile'
D:\C++ Projects\GameEngine\Engine\include\ConfigFile.h(62,46): warning C4251:         with
D:\C++ Projects\GameEngine\Engine\include\ConfigFile.h(62,46): warning C4251:         [
D:\C++ Projects\GameEngine\Engine\include\ConfigFile.h(62,46): warning C4251:             _Kty=std::string,
D:\C++ Projects\GameEngine\Engine\include\ConfigFile.h(62,46): warning C4251:             _Ty=std::string
D:\C++ Projects\GameEngine\Engine\include\ConfigFile.h(62,46): warning C4251:         ]
D:\C++ Projects\GameEngine\Engine\include\ConfigFile.h(62): message : voir la déclaration de 'std::map<std::string,std::string,std::less<_Kty>,std::allocator<std::pair<const _Kty,_Ty>>>'
D:\C++ Projects\GameEngine\Engine\include\ConfigFile.h(62): message :         with
D:\C++ Projects\GameEngine\Engine\include\ConfigFile.h(62): message :         [
D:\C++ Projects\GameEngine\Engine\include\ConfigFile.h(62): message :             _Kty=std::string,
D:\C++ Projects\GameEngine\Engine\include\ConfigFile.h(62): message :             _Ty=std::string
D:\C++ Projects\GameEngine\Engine\include\ConfigFile.h(62): message :         ]
D:\C++ Projects\GameEngine\Engine\include\ConfigFile.h(63,46): warning C4251: 'Engine::ConfigFile::m_index' : class 'std::map<unsigned int,std::string,std::less<_Kty>,std::allocator<std::pair<const _Kty,_Ty>>>' nécessite une interface DLL pour être utilisé(e) par les clients de class 'Engine::ConfigFile'
D:\C++ Projects\GameEngine\Engine\include\ConfigFile.h(63,46): warning C4251:         with
D:\C++ Projects\GameEngine\Engine\include\ConfigFile.h(63,46): warning C4251:         [
D:\C++ Projects\GameEngine\Engine\include\ConfigFile.h(63,46): warning C4251:             _Kty=unsigned int,
D:\C++ Projects\GameEngine\Engine\include\ConfigFile.h(63,46): warning C4251:             _Ty=std::string
D:\C++ Projects\GameEngine\Engine\include\ConfigFile.h(63,46): warning C4251:         ]
D:\C++ Projects\GameEngine\Engine\include\ConfigFile.h(63): message : voir la déclaration de 'std::map<unsigned int,std::string,std::less<_Kty>,std::allocator<std::pair<const _Kty,_Ty>>>'
D:\C++ Projects\GameEngine\Engine\include\ConfigFile.h(63): message :         with
D:\C++ Projects\GameEngine\Engine\include\ConfigFile.h(63): message :         [
D:\C++ Projects\GameEngine\Engine\include\ConfigFile.h(63): message :             _Kty=unsigned int,
D:\C++ Projects\GameEngine\Engine\include\ConfigFile.h(63): message :             _Ty=std::string
D:\C++ Projects\GameEngine\Engine\include\ConfigFile.h(63): message :         ]
D:\C++ Projects\GameEngine\Engine\include\Log.h(24,56): warning C4251: 'Engine::Log::s_engineLogger' : class 'std::shared_ptr<spdlog::logger>' nécessite une interface DLL pour être utilisé(e) par les clients de class 'Engine::Log'
D:\C++ Projects\GameEngine\Engine\vendor\spdlog\include\spdlog\details\registry.h(33): message : voir la déclaration de 'std::shared_ptr<spdlog::logger>'
D:\C++ Projects\GameEngine\Engine\include\Log.h(25,53): warning C4251: 'Engine::Log::s_appLogger' : class 'std::shared_ptr<spdlog::logger>' nécessite une interface DLL pour être utilisé(e) par les clients de class 'Engine::Log'
D:\C++ Projects\GameEngine\Engine\vendor\spdlog\include\spdlog\details\registry.h(33): message : voir la déclaration de 'std::shared_ptr<spdlog::logger>'
  Game.vcxproj -> D:\C++ Projects\GameEngine\Game\..\bin\Release-windows-x64\Game\Game.exe
