  Application.cpp
C:\Program Files (x86)\Windows Kits\10\Include\10.0.18362.0\shared\minwindef.h(130,1): warning C4005: 'APIENTRY' : redéfinition de macro
D:\C++ Projects\GameEngine\Engine\Vendor\glad\include\glad\glad.h(32): message : voir la définition précédente de 'APIENTRY'
  Camera3D.cpp
D:\C++ Projects\GameEngine\Engine\Core\Application.cpp(41,21): warning C4244: 'argument' : conversion de 'double' en 'DWORD', perte possible de données
D:\C++ Projects\GameEngine\Engine\Core\Camera3D.cpp(46,35): warning C4244: '+=' : conversion de 'double' en 'T', perte possible de données
D:\C++ Projects\GameEngine\Engine\Core\Camera3D.cpp(46,35): warning C4244:         with
D:\C++ Projects\GameEngine\Engine\Core\Camera3D.cpp(46,35): warning C4244:         [
D:\C++ Projects\GameEngine\Engine\Core\Camera3D.cpp(46,35): warning C4244:             T=float
D:\C++ Projects\GameEngine\Engine\Core\Camera3D.cpp(46,35): warning C4244:         ]
D:\C++ Projects\GameEngine\Engine\Core\Camera3D.cpp(48,35): warning C4244: '-=' : conversion de 'double' en 'T', perte possible de données
D:\C++ Projects\GameEngine\Engine\Core\Camera3D.cpp(48,35): warning C4244:         with
D:\C++ Projects\GameEngine\Engine\Core\Camera3D.cpp(48,35): warning C4244:         [
D:\C++ Projects\GameEngine\Engine\Core\Camera3D.cpp(48,35): warning C4244:             T=float
D:\C++ Projects\GameEngine\Engine\Core\Camera3D.cpp(48,35): warning C4244:         ]
D:\C++ Projects\GameEngine\Engine\Core\Camera3D.cpp(52,26): warning C4244: 'initialisation' : conversion de 'double' en 'float', perte possible de données
  Input.cpp
  Entity.cpp
  Transform.cpp
  Buffer.cpp
  Renderer.cpp
  Shader.cpp
D:\C++ Projects\GameEngine\Engine\Core\Camera3D.cpp(53,26): warning C4244: 'initialisation' : conversion de 'double' en 'float', perte possible de données
C:\Program Files (x86)\Windows Kits\10\Include\10.0.18362.0\shared\minwindef.h(130,1): warning C4005: 'APIENTRY' : redéfinition de macro
D:\C++ Projects\GameEngine\Engine\Vendor\glad\include\glad\glad.h(32): message : voir la définition précédente de 'APIENTRY'
  Texture.cpp
D:\C++ Projects\GameEngine\Engine\Renderer\Shader.cpp(25,96): warning C4267: 'initialisation' : conversion de 'size_t' en 'int', perte possible de données
  VertexArray.cpp
D:\C++ Projects\GameEngine\Engine\Renderer\Texture.cpp(26,96): warning C4267: 'initialisation' : conversion de 'size_t' en 'int', perte possible de données
  Matrix.cpp
  Génération de code en cours...
D:\C++ Projects\GameEngine\Engine\Renderer\VertexArray.cpp(60,4): warning C4312: 'cast de type' : la conversion de 'const unsigned int' en 'const void *' d'une taille supérieure
D:\C++ Projects\GameEngine\Engine\Renderer\Texture.cpp(54): warning C4715: 'Engine::Texture2D::create' : les chemins de contrôle ne retournent pas tous une valeur
D:\C++ Projects\GameEngine\Engine\Renderer\Buffer.cpp(63): warning C4715: 'Engine::IndexBuffer::create' : les chemins de contrôle ne retournent pas tous une valeur
D:\C++ Projects\GameEngine\Engine\Renderer\Buffer.cpp(47): warning C4715: 'Engine::VertexBuffer::create' : les chemins de contrôle ne retournent pas tous une valeur
  Engine.vcxproj -> D:\C++ Projects\GameEngine\Engine\..\bin\Debug-windows-x64\Engine\Engine.lib
