D:\Microsoft Visual Studio\2019\Community\MSBuild\Microsoft\VC\v160\Microsoft.CppBuild.targets(437,5): warning MSB8004: Intermediate Directory does not end with a trailing slash.  This build instance will add the slash as it is required to allow proper evaluation of the Intermediate Directory.
D:\Microsoft Visual Studio\2019\Community\MSBuild\Microsoft\VC\v160\Microsoft.CppBuild.targets(438,5): warning MSB8004: Output Directory does not end with a trailing slash.  This build instance will add the slash as it is required to allow proper evaluation of the Output Directory.
  GameApplication.cpp
D:\C++ Projects\3D_RPG\Engine\include\ConfigFile.h(62,46): warning C4251: 'Engine::ConfigFile::m_fields' : class 'std::map<std::string,std::string,std::less<_Kty>,std::allocator<std::pair<const _Kty,_Ty>>>' nécessite une interface DLL pour être utilisé(e) par les clients de class 'Engine::ConfigFile'
D:\C++ Projects\3D_RPG\Engine\include\ConfigFile.h(62,46): warning C4251:         with
D:\C++ Projects\3D_RPG\Engine\include\ConfigFile.h(62,46): warning C4251:         [
D:\C++ Projects\3D_RPG\Engine\include\ConfigFile.h(62,46): warning C4251:             _Kty=std::string,
D:\C++ Projects\3D_RPG\Engine\include\ConfigFile.h(62,46): warning C4251:             _Ty=std::string
D:\C++ Projects\3D_RPG\Engine\include\ConfigFile.h(62,46): warning C4251:         ]
D:\C++ Projects\3D_RPG\Engine\include\ConfigFile.h(62): message : voir la déclaration de 'std::map<std::string,std::string,std::less<_Kty>,std::allocator<std::pair<const _Kty,_Ty>>>'
D:\C++ Projects\3D_RPG\Engine\include\ConfigFile.h(62): message :         with
D:\C++ Projects\3D_RPG\Engine\include\ConfigFile.h(62): message :         [
D:\C++ Projects\3D_RPG\Engine\include\ConfigFile.h(62): message :             _Kty=std::string,
D:\C++ Projects\3D_RPG\Engine\include\ConfigFile.h(62): message :             _Ty=std::string
D:\C++ Projects\3D_RPG\Engine\include\ConfigFile.h(62): message :         ]
D:\C++ Projects\3D_RPG\Engine\include\ConfigFile.h(63,46): warning C4251: 'Engine::ConfigFile::m_index' : class 'std::map<unsigned int,std::string,std::less<_Kty>,std::allocator<std::pair<const _Kty,_Ty>>>' nécessite une interface DLL pour être utilisé(e) par les clients de class 'Engine::ConfigFile'
D:\C++ Projects\3D_RPG\Engine\include\ConfigFile.h(63,46): warning C4251:         with
D:\C++ Projects\3D_RPG\Engine\include\ConfigFile.h(63,46): warning C4251:         [
D:\C++ Projects\3D_RPG\Engine\include\ConfigFile.h(63,46): warning C4251:             _Kty=unsigned int,
D:\C++ Projects\3D_RPG\Engine\include\ConfigFile.h(63,46): warning C4251:             _Ty=std::string
D:\C++ Projects\3D_RPG\Engine\include\ConfigFile.h(63,46): warning C4251:         ]
D:\C++ Projects\3D_RPG\Engine\include\ConfigFile.h(63): message : voir la déclaration de 'std::map<unsigned int,std::string,std::less<_Kty>,std::allocator<std::pair<const _Kty,_Ty>>>'
D:\C++ Projects\3D_RPG\Engine\include\ConfigFile.h(63): message :         with
D:\C++ Projects\3D_RPG\Engine\include\ConfigFile.h(63): message :         [
D:\C++ Projects\3D_RPG\Engine\include\ConfigFile.h(63): message :             _Kty=unsigned int,
D:\C++ Projects\3D_RPG\Engine\include\ConfigFile.h(63): message :             _Ty=std::string
D:\C++ Projects\3D_RPG\Engine\include\ConfigFile.h(63): message :         ]
  Génération de code en cours
  2 of 51 functions ( 3.9%) were compiled, the rest were copied from previous compilation.
    1 functions were new in current compilation
    3 functions had inline decision re-evaluated but remain unchanged
  Fin de la génération du code
  3D_RPG.vcxproj -> D:\C++ Projects\3D_RPG\\bin\Release-x64\3D_RPG\3D_RPG.exe
